正在初始化driver：<selenium.webdriver.chrome.webdriver.WebDriver (session="a1876943676331fdf8447d9f44b102e9")>
正在查找元素：('css selector', "[placeholder='请输入手机号']")
正在执行清空操作
正在给('css selector', "[placeholder='请输入手机号']")元素 执行输入操作：13812345678
正在查找元素：('css selector', "[placeholder='验证码']")
正在执行清空操作
正在给('css selector', "[placeholder='验证码']")元素 执行输入操作：246810
正在对('css selector', '.el-button--primary')元素 执行点击操作
正在查找元素：('css selector', '.el-button--primary')
正在初始化driver：<selenium.webdriver.chrome.webdriver.WebDriver (session="a1876943676331fdf8447d9f44b102e9")>
正在对('xpath', "//div[@class='menu-wrapper']//*[text()='内容管理']")元素 执行点击操作
正在查找元素：('xpath', "//div[@class='menu-wrapper']//*[text()='内容管理']")
正在对('xpath', "//*[contains(text(),'发布文章')]")元素 执行点击操作
正在查找元素：('xpath', "//*[contains(text(),'发布文章')]")
正在查找元素：('css selector', "[placeholder='文章名称']")
正在执行清空操作
正在给('css selector', "[placeholder='文章名称']")元素 执行输入操作：45645
正在查找元素：('css selector', '#publishTinymce_ifr')
正在查找元素：('css selector', '#tinymce')
正在执行清空操作
正在给('css selector', '#tinymce')元素 执行输入操作：456456
正在对('xpath', "//*[text()='自动']")元素 执行点击操作
正在查找元素：('xpath', "//*[text()='自动']")
正在对('css selector', "[placeholder='请选择']")元素 执行点击操作
正在查找元素：('css selector', "[placeholder='请选择']")
正在对('xpath', "//*[text()='数据库']")元素 执行点击操作
正在查找元素：('xpath', "//*[text()='数据库']")
正在对('css selector', '.el-button.filter-item.el-button--primary')元素 执行点击操作
正在查找元素：('css selector', '.el-button.filter-item.el-button--primary')
正在查找元素：('xpath', "//*[contains(text(),'成功')]")
正在获取('xpath', "//*[contains(text(),'成功')]")元素文本值：新增文章成功
正在查找元素：('xpath', "//*[contains(text(),'成功')]")
assert '文章成功' == '新增文章成功'
  - 文章成功
  + 新增文章成功
  ? ++
出现异常！正在截图操作
异常处理！正在截图写入报告
正在初始化driver：<selenium.webdriver.chrome.webdriver.WebDriver (session="214bf15c79ba5a56fe207a0a0e3e9ec3")>
正在查找元素：('css selector', "[placeholder='请输入手机号']")
正在执行清空操作
正在给('css selector', "[placeholder='请输入手机号']")元素 执行输入操作：13812345678
正在查找元素：('css selector', "[placeholder='验证码']")
正在执行清空操作
正在给('css selector', "[placeholder='验证码']")元素 执行输入操作：246810
正在对('css selector', '.el-button--primary')元素 执行点击操作
正在查找元素：('css selector', '.el-button--primary')
正在初始化driver：<selenium.webdriver.chrome.webdriver.WebDriver (session="214bf15c79ba5a56fe207a0a0e3e9ec3")>
正在对('xpath', "//div[@class='menu-wrapper']//*[text()='内容管理']")元素 执行点击操作
正在查找元素：('xpath', "//div[@class='menu-wrapper']//*[text()='内容管理']")
正在对('xpath', "//*[contains(text(),'发布文章')]")元素 执行点击操作
正在查找元素：('xpath', "//*[contains(text(),'发布文章')]")
正在查找元素：('css selector', "[placeholder='文章名称']")
正在执行清空操作
正在给('css selector', "[placeholder='文章名称']")元素 执行输入操作：45645
正在查找元素：('css selector', '#publishTinymce_ifr')
正在查找元素：('css selector', '#tinymce')
正在执行清空操作
正在给('css selector', '#tinymce')元素 执行输入操作：456456
正在对('xpath', "//*[text()='自动']")元素 执行点击操作
正在查找元素：('xpath', "//*[text()='自动']")
正在对('css selector', "[placeholder='请选择']")元素 执行点击操作
正在查找元素：('css selector', "[placeholder='请选择']")
正在对('xpath', "//*[text()='数据库']")元素 执行点击操作
正在查找元素：('xpath', "//*[text()='数据库']")
正在对('css selector', '.el-button.filter-item.el-button--primary')元素 执行点击操作
正在查找元素：('css selector', '.el-button.filter-item.el-button--primary')
正在查找元素：('xpath', "//*[contains(text(),'成功')]")
正在获取('xpath', "//*[contains(text(),'成功')]")元素文本值：新增文章成功
正在查找元素：('xpath', "//*[contains(text(),'成功')]")
